<?xml version="1.0" encoding="UTF-8"?>
<!-- Generated by org.testng.reporters.JUnitReportReporter -->
<testsuite skipped="0" hostname="admin-PC" name="com.k2js.HybridFramework.HybridFramework.util.TestB" tests="2" failures="0" timestamp="15 Feb 2018 03:15:12 GMT" time="0.019" errors="0">
  <testcase name="testA" time="0.001" classname="com.k2js.HybridFramework.HybridFramework.util.TestB"/>
  <testcase name="testA" time="0.018" classname="com.k2js.HybridFramework.HybridFramework.util.TestB"/>
</testsuite> <!-- com.k2js.HybridFramework.HybridFramework.util.TestB -->
