<?xml version="1.0" encoding="UTF-8"?>
<!-- Generated by org.testng.reporters.JUnitReportReporter -->
<testsuite skipped="0" hostname="admin-PC" name="com.k2js.hybridframework.hybridframework.testcases.BatTest" tests="1" failures="0" timestamp="01 Mar 2018 16:42:33 GMT" time="68.718" errors="0">
  <testcase name="doLogin" time="68.718" classname="com.k2js.hybridframework.hybridframework.testcases.BatTest"/>
</testsuite> <!-- com.k2js.hybridframework.hybridframework.testcases.BatTest -->
