<?xml version="1.0" encoding="UTF-8"?>
<!-- Generated by org.testng.reporters.JUnitReportReporter -->
<testsuite skipped="2" hostname="admin-PC" name="com.k2js.hybridframework.hybridframework.testcases.BasicTest" tests="3" failures="0" timestamp="01 Mar 2018 16:39:18 GMT" time="65.401" errors="0">
  <testcase name="doLogin" time="0.025" classname="com.k2js.hybridframework.hybridframework.testcases.BasicTest">
    <skipped/>
  </testcase> <!-- doLogin -->
  <testcase name="doLogin" time="0.001" classname="com.k2js.hybridframework.hybridframework.testcases.BasicTest">
    <skipped/>
  </testcase> <!-- doLogin -->
  <testcase name="doLogin" time="65.375" classname="com.k2js.hybridframework.hybridframework.testcases.BasicTest"/>
</testsuite> <!-- com.k2js.hybridframework.hybridframework.testcases.BasicTest -->
